<?xml version="1.0" encoding="UTF-8"?>
<!-- Generated by org.testng.reporters.JUnitXMLReporter -->
<testsuite hostname="DESKTOP-0BGE448" ignored="0" name="Test4" tests="6" failures="0" timestamp="12 Mar 2022 22:38:51 GMT" time="33.446" errors="0">
  <testcase name="LandingPageTest" time="5.11" classname="com.testCases.JMB_TC_004"/>
  <testcase name="SignUp" time="3.241" classname="com.testCases.JMB_TC_004"/>
  <testcase name="SignUp" time="3.0" classname="com.testCases.JMB_TC_004"/>
  <testcase name="SignUp" time="2.993" classname="com.testCases.JMB_TC_004"/>
  <testcase name="SignUp" time="2.883" classname="com.testCases.JMB_TC_004"/>
  <testcase name="SignUp" time="3.004" classname="com.testCases.JMB_TC_004"/>
</testsuite> <!-- Test4 -->
