<?xml version="1.0" encoding="UTF-8"?>
<!-- Generated by org.testng.reporters.JUnitXMLReporter -->
<testsuite hostname="DESKTOP-0BGE448" ignored="0" name="Test6" tests="6" failures="0" timestamp="12 Mar 2022 22:39:37 GMT" time="27.538" errors="0">
  <testcase name="LandingPageTest" time="5.332" classname="com.testCases.JMB_TC_006"/>
  <testcase name="SignUp" time="3.259" classname="com.testCases.JMB_TC_006"/>
  <testcase name="SignUp" time="2.933" classname="com.testCases.JMB_TC_006"/>
  <testcase name="SignUp" time="2.841" classname="com.testCases.JMB_TC_006"/>
  <testcase name="SignUp" time="3.331" classname="com.testCases.JMB_TC_006"/>
  <testcase name="SignUp" time="2.807" classname="com.testCases.JMB_TC_006"/>
</testsuite> <!-- Test6 -->
