<?xml version="1.0" encoding="UTF-8"?>
<!-- Generated by org.testng.reporters.JUnitXMLReporter -->
<testsuite hostname="DESKTOP-0BGE448" ignored="0" name="Test10" tests="5" failures="0" timestamp="12 Mar 2022 22:40:51 GMT" time="26.954" errors="0">
  <testcase name="LandingPageTest" time="5.346" classname="com.testCases.JMB_TC_010"/>
  <testcase name="SignUp" time="3.209" classname="com.testCases.JMB_TC_010"/>
  <testcase name="SignUp" time="2.891" classname="com.testCases.JMB_TC_010"/>
  <testcase name="SignUp" time="2.983" classname="com.testCases.JMB_TC_010"/>
  <testcase name="SignUp" time="2.898" classname="com.testCases.JMB_TC_010"/>
</testsuite> <!-- Test10 -->
