<?xml version="1.0" encoding="UTF-8"?>
<!-- Generated by org.testng.reporters.JUnitXMLReporter -->
<testsuite hostname="DESKTOP-0BGE448" ignored="0" name="Test3" tests="6" failures="0" timestamp="12 Mar 2022 22:38:18 GMT" time="22.659" errors="0">
  <testcase name="LandingPageTest" time="3.19" classname="com.testCases.JMB_TC_003"/>
  <testcase name="SignUp" time="2.351" classname="com.testCases.JMB_TC_003"/>
  <testcase name="SignUp" time="1.924" classname="com.testCases.JMB_TC_003"/>
  <testcase name="SignUp" time="2.033" classname="com.testCases.JMB_TC_003"/>
  <testcase name="SignUp" time="2.074" classname="com.testCases.JMB_TC_003"/>
  <testcase name="SignUp" time="2.111" classname="com.testCases.JMB_TC_003"/>
</testsuite> <!-- Test3 -->
