<?xml version="1.0" encoding="UTF-8"?>
<!-- Generated by org.testng.reporters.JUnitXMLReporter -->
<testsuite hostname="Jeyakanths-MacBook-Air.local" ignored="0" name="TestNGTest1" tests="10" failures="0" timestamp="2021-11-16T14:25:11 EST" time="63.245" errors="0">
  <testcase name="testCandidateSignUpLink" time="1.542" classname="com.testCases.JMB_CASignUp_001"/>
  <testcase name="testCA_firstName_chars_space" time="2.232" classname="com.testCases.JMB_CASignUp_002"/>
  <testcase name="testCA_firstName_SpecialChars" time="2.059" classname="com.testCases.JMB_CASignUp_003"/>
  <testcase name="testCA_firstName_Blank" time="1.829" classname="com.testCases.JMB_CASignUp_004"/>
  <testcase name="testCA_firstName_NoLonger50" time="2.394" classname="com.testCases.JMB_CASignUp_005"/>
  <testcase name="testCA_firstName_Longer_than_50" time="4.164" classname="com.testCases.JMB_CASignUp_006"/>
  <testcase name="testCA_firstName_Numbers" time="2.275" classname="com.testCases.JMB_CASignUp_007"/>
  <testcase name="testCA_lastName_chars_space" time="2.229" classname="com.testCases.JMB_CASignUp_008"/>
  <testcase name="testCA_lastName_SpecialChars" time="1.827" classname="com.testCases.JMB_CASignUp_009"/>
  <testcase name="testCA_lastName_Blank" time="1.748" classname="com.testCases.JMB_CASignUp_010"/>
</testsuite> <!-- TestNGTest1 -->
